  Source.cpp
A:\projects\Github\Ya_Repository\BaloonGame\Source.cpp(7,17): warning C4244: инициализация: преобразование "const T" в "int", возможна потеря данных
          with
          [
              T=float
          ]
A:\projects\Github\Ya_Repository\BaloonGame\Source.cpp(8,17): warning C4244: инициализация: преобразование "const T" в "int", возможна потеря данных
          with
          [
              T=float
          ]
A:\projects\Github\Ya_Repository\BaloonGame\Source.cpp(20,17): warning C4244: инициализация: преобразование "const T" в "int", возможна потеря данных
          with
          [
              T=float
          ]
A:\projects\Github\Ya_Repository\BaloonGame\Source.cpp(21,17): warning C4244: инициализация: преобразование "const T" в "int", возможна потеря данных
          with
          [
              T=float
          ]
A:\projects\Github\Ya_Repository\BaloonGame\Source.cpp(23,40): warning C4244: аргумент: преобразование "int" в "float", возможна потеря данных
A:\projects\Github\Ya_Repository\BaloonGame\Source.cpp(23,35): warning C4244: аргумент: преобразование "int" в "float", возможна потеря данных
A:\projects\Github\Ya_Repository\BaloonGame\Source.cpp(34,27): warning C4244: аргумент: преобразование "int" в "float", возможна потеря данных
A:\projects\Github\Ya_Repository\BaloonGame\Source.cpp(34,21): warning C4244: аргумент: преобразование "int" в "float", возможна потеря данных
A:\projects\Github\Ya_Repository\BaloonGame\Source.cpp(43,25): warning C4244: аргумент: преобразование "int" в "float", возможна потеря данных
A:\projects\Github\Ya_Repository\BaloonGame\Source.cpp(43,19): warning C4244: аргумент: преобразование "int" в "float", возможна потеря данных
A:\projects\Github\Ya_Repository\BaloonGame\Source.cpp(53,26): warning C4244: аргумент: преобразование "int" в "float", возможна потеря данных
A:\projects\Github\Ya_Repository\BaloonGame\Source.cpp(53,20): warning C4244: аргумент: преобразование "int" в "float", возможна потеря данных
A:\projects\Github\Ya_Repository\BaloonGame\Source.cpp(58,12): warning C4244: аргумент: преобразование "time_t" в "unsigned int", возможна потеря данных
  TP_labssolve.vcxproj -> A:\projects\Github\Ya_Repository\BaloonGame\Debug\TP_labssolve.exe
